python: can't open file 'params_VQE.oy': [Errno 2] No such file or directory
  File "params_VQE.py", line 14
    %matplotlib inline
    ^
SyntaxError: invalid syntax
/home/jfraxanet/anaconda3/lib/python3.7/site-packages/scipy/optimize/optimize.py:283: RuntimeWarning: Values in x were outside bounds during a minimize step, clipping to bounds
  "minimize step, clipping to bounds", RuntimeWarning)
gx: 0.01, gz: 0.01
gx: 0.01, gz: 0.03
gx: 0.01, gz: 0.08
gx: 0.01, gz: 0.22
gx: 0.01, gz: 0.60
gx: 0.01, gz: 1.67
gx: 0.01, gz: 4.64
gx: 0.01, gz: 12.92
gx: 0.01, gz: 35.94
gx: 0.01, gz: 100.00
gx: 0.03, gz: 0.01
gx: 0.03, gz: 0.03
gx: 0.03, gz: 0.08
gx: 0.03, gz: 0.22
gx: 0.03, gz: 0.60
gx: 0.03, gz: 1.67
gx: 0.03, gz: 4.64
gx: 0.03, gz: 12.92
gx: 0.03, gz: 35.94
gx: 0.03, gz: 100.00
gx: 0.08, gz: 0.01
gx: 0.08, gz: 0.03
gx: 0.08, gz: 0.08
gx: 0.08, gz: 0.22
gx: 0.08, gz: 0.60
gx: 0.08, gz: 1.67
gx: 0.08, gz: 4.64
gx: 0.08, gz: 12.92
gx: 0.08, gz: 35.94
gx: 0.08, gz: 100.00
gx: 0.22, gz: 0.01
gx: 0.22, gz: 0.03
gx: 0.22, gz: 0.08
gx: 0.22, gz: 0.22
gx: 0.22, gz: 0.60
gx: 0.22, gz: 1.67
gx: 0.22, gz: 4.64
gx: 0.22, gz: 12.92
gx: 0.22, gz: 35.94
gx: 0.22, gz: 100.00
gx: 0.60, gz: 0.01
gx: 0.60, gz: 0.03
gx: 0.60, gz: 0.08
gx: 0.60, gz: 0.22
gx: 0.60, gz: 0.60
gx: 0.60, gz: 1.67
gx: 0.60, gz: 4.64
gx: 0.60, gz: 12.92
gx: 0.60, gz: 35.94
gx: 0.60, gz: 100.00
gx: 1.67, gz: 0.01
gx: 1.67, gz: 0.03
gx: 1.67, gz: 0.08
gx: 1.67, gz: 0.22
gx: 1.67, gz: 0.60
gx: 1.67, gz: 1.67
gx: 1.67, gz: 4.64
gx: 1.67, gz: 12.92
gx: 1.67, gz: 35.94
gx: 1.67, gz: 100.00
gx: 4.64, gz: 0.01
gx: 4.64, gz: 0.03
gx: 4.64, gz: 0.08
gx: 4.64, gz: 0.22
gx: 4.64, gz: 0.60
gx: 4.64, gz: 1.67
gx: 4.64, gz: 4.64
gx: 4.64, gz: 12.92
gx: 4.64, gz: 35.94
gx: 4.64, gz: 100.00
gx: 12.92, gz: 0.01
gx: 12.92, gz: 0.03
gx: 12.92, gz: 0.08
gx: 12.92, gz: 0.22
gx: 12.92, gz: 0.60
gx: 12.92, gz: 1.67
gx: 12.92, gz: 4.64
gx: 12.92, gz: 12.92
gx: 12.92, gz: 35.94
gx: 12.92, gz: 100.00
gx: 35.94, gz: 0.01
gx: 35.94, gz: 0.03
gx: 35.94, gz: 0.08
gx: 35.94, gz: 0.22
gx: 35.94, gz: 0.60
gx: 35.94, gz: 1.67
gx: 35.94, gz: 4.64
gx: 35.94, gz: 12.92
gx: 35.94, gz: 35.94
gx: 35.94, gz: 100.00
gx: 100.00, gz: 0.01
gx: 100.00, gz: 0.03
gx: 100.00, gz: 0.08
gx: 100.00, gz: 0.22
gx: 100.00, gz: 0.60
gx: 100.00, gz: 1.67
gx: 100.00, gz: 4.64
gx: 100.00, gz: 12.92
gx: 100.00, gz: 35.94
gx: 100.00, gz: 100.00
Traceback (most recent call last):
  File "params_VQE.py", line 47, in <module>
    np.savez(f'data/params_VQE_Ising_L%.0f_anti_%.0f.npz' %(L,anti), gx_list=gx_list, gz_list=gz_list, opt_params=opt_params)
  File "<__array_function__ internals>", line 6, in savez
  File "/home/jfraxanet/anaconda3/lib/python3.7/site-packages/numpy/lib/npyio.py", line 645, in savez
    _savez(file, args, kwds, False)
  File "/home/jfraxanet/anaconda3/lib/python3.7/site-packages/numpy/lib/npyio.py", line 743, in _savez
    zipf = zipfile_factory(file, mode="w", compression=compression)
  File "/home/jfraxanet/anaconda3/lib/python3.7/site-packages/numpy/lib/npyio.py", line 119, in zipfile_factory
    return zipfile.ZipFile(file, *args, **kwargs)
  File "/home/jfraxanet/anaconda3/lib/python3.7/zipfile.py", line 1204, in __init__
    self.fp = io.open(file, filemode)
FileNotFoundError: [Errno 2] No such file or directory: 'data/params_VQE_Ising_L6_anti_1.npz'
gx: 0.01, gz: 0.01
gx: 0.01, gz: 0.01
gx: 0.01, gz: 0.02
gx: 0.01, gz: 0.03
gx: 0.01, gz: 0.04
gx: 0.01, gz: 0.05
gx: 0.01, gz: 0.07
gx: 0.01, gz: 0.09
gx: 0.01, gz: 0.13
gx: 0.01, gz: 0.17
gx: 0.01, gz: 0.24
gx: 0.01, gz: 0.33
gx: 0.01, gz: 0.45
gx: 0.01, gz: 0.62
gx: 0.01, gz: 0.85
gx: 0.01, gz: 1.17
gx: 0.01, gz: 1.61
gx: 0.01, gz: 2.21
gx: 0.01, gz: 3.04
gx: 0.01, gz: 4.18
gx: 0.01, gz: 5.74
gx: 0.01, gz: 7.88
gx: 0.01, gz: 10.83
gx: 0.01, gz: 14.87
gx: 0.01, gz: 20.43
gx: 0.01, gz: 28.07
gx: 0.01, gz: 38.57
gx: 0.01, gz: 52.98
gx: 0.01, gz: 72.79
gx: 0.01, gz: 100.00
gx: 0.01, gz: 0.01
gx: 0.01, gz: 0.01
gx: 0.01, gz: 0.02
gx: 0.01, gz: 0.03
gx: 0.01, gz: 0.04
gx: 0.01, gz: 0.05
gx: 0.01, gz: 0.07
gx: 0.01, gz: 0.09
gx: 0.01, gz: 0.13
gx: 0.01, gz: 0.17
gx: 0.01, gz: 0.24
gx: 0.01, gz: 0.33
gx: 0.01, gz: 0.45
gx: 0.01, gz: 0.62
gx: 0.01, gz: 0.85
gx: 0.01, gz: 1.17
gx: 0.01, gz: 1.61
gx: 0.01, gz: 2.21
gx: 0.01, gz: 3.04
gx: 0.01, gz: 4.18
gx: 0.01, gz: 5.74
gx: 0.01, gz: 7.88
gx: 0.01, gz: 10.83
gx: 0.01, gz: 14.87
gx: 0.01, gz: 20.43
gx: 0.01, gz: 28.07
gx: 0.01, gz: 38.57
gx: 0.01, gz: 52.98
gx: 0.01, gz: 72.79
gx: 0.01, gz: 100.00
gx: 0.02, gz: 0.01
gx: 0.02, gz: 0.01
gx: 0.02, gz: 0.02
gx: 0.02, gz: 0.03
gx: 0.02, gz: 0.04
gx: 0.02, gz: 0.05
gx: 0.02, gz: 0.07
gx: 0.02, gz: 0.09
gx: 0.02, gz: 0.13
gx: 0.02, gz: 0.17
gx: 0.02, gz: 0.24
gx: 0.02, gz: 0.33
gx: 0.02, gz: 0.45
gx: 0.02, gz: 0.62
gx: 0.02, gz: 0.85
gx: 0.02, gz: 1.17
gx: 0.02, gz: 1.61
gx: 0.02, gz: 2.21
gx: 0.02, gz: 3.04
gx: 0.02, gz: 4.18
gx: 0.02, gz: 5.74
gx: 0.02, gz: 7.88
gx: 0.02, gz: 10.83
gx: 0.02, gz: 14.87
gx: 0.02, gz: 20.43
gx: 0.02, gz: 28.07
gx: 0.02, gz: 38.57
gx: 0.02, gz: 52.98
gx: 0.02, gz: 72.79
gx: 0.02, gz: 100.00
gx: 0.03, gz: 0.01
gx: 0.03, gz: 0.01
gx: 0.03, gz: 0.02
gx: 0.03, gz: 0.03
gx: 0.03, gz: 0.04
gx: 0.03, gz: 0.05
gx: 0.03, gz: 0.07
gx: 0.03, gz: 0.09
gx: 0.03, gz: 0.13
gx: 0.03, gz: 0.17
gx: 0.03, gz: 0.24
gx: 0.03, gz: 0.33
gx: 0.03, gz: 0.45
gx: 0.03, gz: 0.62
gx: 0.03, gz: 0.85
gx: 0.03, gz: 1.17
gx: 0.03, gz: 1.61
gx: 0.03, gz: 2.21
gx: 0.03, gz: 3.04
gx: 0.03, gz: 4.18
gx: 0.03, gz: 5.74
gx: 0.03, gz: 7.88
gx: 0.03, gz: 10.83
gx: 0.03, gz: 14.87
gx: 0.03, gz: 20.43
gx: 0.03, gz: 28.07
gx: 0.03, gz: 38.57
gx: 0.03, gz: 52.98
gx: 0.03, gz: 72.79
gx: 0.03, gz: 100.00
gx: 0.04, gz: 0.01
gx: 0.04, gz: 0.01
gx: 0.04, gz: 0.02
gx: 0.04, gz: 0.03
gx: 0.04, gz: 0.04
gx: 0.04, gz: 0.05
gx: 0.04, gz: 0.07
gx: 0.04, gz: 0.09
gx: 0.04, gz: 0.13
gx: 0.04, gz: 0.17
gx: 0.04, gz: 0.24
gx: 0.04, gz: 0.33
gx: 0.04, gz: 0.45
gx: 0.04, gz: 0.62
gx: 0.04, gz: 0.85
gx: 0.04, gz: 1.17
gx: 0.04, gz: 1.61
gx: 0.04, gz: 2.21
gx: 0.04, gz: 3.04
gx: 0.04, gz: 4.18
gx: 0.04, gz: 5.74
gx: 0.04, gz: 7.88
gx: 0.04, gz: 10.83
gx: 0.04, gz: 14.87
gx: 0.04, gz: 20.43
gx: 0.04, gz: 28.07
gx: 0.04, gz: 38.57
gx: 0.04, gz: 52.98
gx: 0.04, gz: 72.79
gx: 0.04, gz: 100.00
gx: 0.05, gz: 0.01
gx: 0.05, gz: 0.01
gx: 0.05, gz: 0.02
gx: 0.05, gz: 0.03
gx: 0.05, gz: 0.04
gx: 0.05, gz: 0.05
gx: 0.05, gz: 0.07
gx: 0.05, gz: 0.09
gx: 0.05, gz: 0.13
gx: 0.05, gz: 0.17
gx: 0.05, gz: 0.24
gx: 0.05, gz: 0.33
gx: 0.05, gz: 0.45
gx: 0.05, gz: 0.62
gx: 0.05, gz: 0.85
gx: 0.05, gz: 1.17
gx: 0.05, gz: 1.61
gx: 0.05, gz: 2.21
gx: 0.05, gz: 3.04
gx: 0.05, gz: 4.18
gx: 0.05, gz: 5.74
gx: 0.05, gz: 7.88
gx: 0.05, gz: 10.83
gx: 0.05, gz: 14.87
gx: 0.05, gz: 20.43
gx: 0.05, gz: 28.07
gx: 0.05, gz: 38.57
gx: 0.05, gz: 52.98
gx: 0.05, gz: 72.79
gx: 0.05, gz: 100.00
gx: 0.07, gz: 0.01
gx: 0.07, gz: 0.01
gx: 0.07, gz: 0.02
gx: 0.07, gz: 0.03
gx: 0.07, gz: 0.04
gx: 0.07, gz: 0.05
gx: 0.07, gz: 0.07
gx: 0.07, gz: 0.09
gx: 0.07, gz: 0.13
gx: 0.07, gz: 0.17
gx: 0.07, gz: 0.24
gx: 0.07, gz: 0.33
gx: 0.07, gz: 0.45
gx: 0.07, gz: 0.62
gx: 0.07, gz: 0.85
gx: 0.07, gz: 1.17
gx: 0.07, gz: 1.61
gx: 0.07, gz: 2.21
gx: 0.07, gz: 3.04
gx: 0.07, gz: 4.18
gx: 0.07, gz: 5.74
gx: 0.07, gz: 7.88
gx: 0.07, gz: 10.83
gx: 0.07, gz: 14.87
gx: 0.07, gz: 20.43
gx: 0.07, gz: 28.07
gx: 0.07, gz: 38.57
gx: 0.07, gz: 52.98
gx: 0.07, gz: 72.79
gx: 0.07, gz: 100.00
gx: 0.09, gz: 0.01
gx: 0.09, gz: 0.01
gx: 0.09, gz: 0.02
gx: 0.09, gz: 0.03
gx: 0.09, gz: 0.04
gx: 0.09, gz: 0.05
gx: 0.09, gz: 0.07
gx: 0.09, gz: 0.09
gx: 0.09, gz: 0.13
gx: 0.09, gz: 0.17
gx: 0.09, gz: 0.24
gx: 0.09, gz: 0.33
gx: 0.09, gz: 0.45
gx: 0.09, gz: 0.62
gx: 0.09, gz: 0.85
gx: 0.09, gz: 1.17
gx: 0.09, gz: 1.61
gx: 0.09, gz: 2.21
gx: 0.09, gz: 3.04
gx: 0.09, gz: 4.18
gx: 0.09, gz: 5.74
gx: 0.09, gz: 7.88
gx: 0.09, gz: 10.83
gx: 0.09, gz: 14.87
gx: 0.09, gz: 20.43
gx: 0.09, gz: 28.07
gx: 0.09, gz: 38.57
gx: 0.09, gz: 52.98
gx: 0.09, gz: 72.79
gx: 0.09, gz: 100.00
gx: 0.13, gz: 0.01
gx: 0.13, gz: 0.01
gx: 0.13, gz: 0.02
gx: 0.13, gz: 0.03
gx: 0.13, gz: 0.04
gx: 0.13, gz: 0.05
gx: 0.13, gz: 0.07
gx: 0.13, gz: 0.09
gx: 0.13, gz: 0.13
gx: 0.13, gz: 0.17
gx: 0.13, gz: 0.24
gx: 0.13, gz: 0.33
gx: 0.13, gz: 0.45
gx: 0.13, gz: 0.62
gx: 0.13, gz: 0.85
gx: 0.13, gz: 1.17
gx: 0.13, gz: 1.61
gx: 0.13, gz: 2.21
gx: 0.13, gz: 3.04
gx: 0.13, gz: 4.18
gx: 0.13, gz: 5.74
gx: 0.13, gz: 7.88
gx: 0.13, gz: 10.83
gx: 0.13, gz: 14.87
gx: 0.13, gz: 20.43
gx: 0.13, gz: 28.07
gx: 0.13, gz: 38.57
gx: 0.13, gz: 52.98
gx: 0.13, gz: 72.79
gx: 0.13, gz: 100.00
gx: 0.17, gz: 0.01
gx: 0.17, gz: 0.01
gx: 0.17, gz: 0.02
gx: 0.17, gz: 0.03
gx: 0.17, gz: 0.04
gx: 0.17, gz: 0.05
gx: 0.17, gz: 0.07
gx: 0.17, gz: 0.09
gx: 0.17, gz: 0.13
gx: 0.17, gz: 0.17
gx: 0.17, gz: 0.24
gx: 0.17, gz: 0.33
gx: 0.17, gz: 0.45
gx: 0.17, gz: 0.62
gx: 0.17, gz: 0.85
gx: 0.17, gz: 1.17
gx: 0.17, gz: 1.61
gx: 0.17, gz: 2.21
gx: 0.17, gz: 3.04
gx: 0.17, gz: 4.18
gx: 0.17, gz: 5.74
gx: 0.17, gz: 7.88
gx: 0.17, gz: 10.83
gx: 0.17, gz: 14.87
gx: 0.17, gz: 20.43
gx: 0.17, gz: 28.07
gx: 0.17, gz: 38.57
gx: 0.17, gz: 52.98
gx: 0.17, gz: 72.79
gx: 0.17, gz: 100.00
gx: 0.24, gz: 0.01
gx: 0.24, gz: 0.01
gx: 0.24, gz: 0.02
gx: 0.24, gz: 0.03
gx: 0.24, gz: 0.04
gx: 0.24, gz: 0.05
gx: 0.24, gz: 0.07
gx: 0.24, gz: 0.09
gx: 0.24, gz: 0.13
gx: 0.24, gz: 0.17
gx: 0.24, gz: 0.24
gx: 0.24, gz: 0.33
gx: 0.24, gz: 0.45
gx: 0.24, gz: 0.62
gx: 0.24, gz: 0.85
gx: 0.24, gz: 1.17
gx: 0.24, gz: 1.61
gx: 0.24, gz: 2.21
gx: 0.24, gz: 3.04
gx: 0.24, gz: 4.18
gx: 0.24, gz: 5.74
gx: 0.24, gz: 7.88
gx: 0.24, gz: 10.83
gx: 0.24, gz: 14.87
gx: 0.24, gz: 20.43
gx: 0.24, gz: 28.07
gx: 0.24, gz: 38.57
gx: 0.24, gz: 52.98
gx: 0.24, gz: 72.79
gx: 0.24, gz: 100.00
gx: 0.33, gz: 0.01
gx: 0.33, gz: 0.01
gx: 0.33, gz: 0.02
gx: 0.33, gz: 0.03
gx: 0.33, gz: 0.04
gx: 0.33, gz: 0.05
gx: 0.33, gz: 0.07
gx: 0.33, gz: 0.09
gx: 0.33, gz: 0.13
gx: 0.33, gz: 0.17
gx: 0.33, gz: 0.24
gx: 0.33, gz: 0.33
gx: 0.33, gz: 0.45
gx: 0.33, gz: 0.62
gx: 0.33, gz: 0.85
gx: 0.33, gz: 1.17
gx: 0.33, gz: 1.61
gx: 0.33, gz: 2.21
gx: 0.33, gz: 3.04
gx: 0.33, gz: 4.18
gx: 0.33, gz: 5.74
gx: 0.33, gz: 7.88
gx: 0.33, gz: 10.83
gx: 0.33, gz: 14.87
gx: 0.33, gz: 20.43
gx: 0.33, gz: 28.07
gx: 0.33, gz: 38.57
gx: 0.33, gz: 52.98
gx: 0.33, gz: 72.79
gx: 0.33, gz: 100.00
gx: 0.45, gz: 0.01
gx: 0.45, gz: 0.01
gx: 0.45, gz: 0.02
gx: 0.45, gz: 0.03
gx: 0.45, gz: 0.04
gx: 0.45, gz: 0.05
gx: 0.45, gz: 0.07
gx: 0.45, gz: 0.09
gx: 0.45, gz: 0.13
gx: 0.45, gz: 0.17
gx: 0.45, gz: 0.24
gx: 0.45, gz: 0.33
gx: 0.45, gz: 0.45
gx: 0.45, gz: 0.62
gx: 0.45, gz: 0.85
gx: 0.45, gz: 1.17
gx: 0.45, gz: 1.61
gx: 0.45, gz: 2.21
gx: 0.45, gz: 3.04
gx: 0.45, gz: 4.18
gx: 0.45, gz: 5.74
gx: 0.45, gz: 7.88
gx: 0.45, gz: 10.83
gx: 0.45, gz: 14.87
gx: 0.45, gz: 20.43
gx: 0.45, gz: 28.07
gx: 0.45, gz: 38.57
gx: 0.45, gz: 52.98
gx: 0.45, gz: 72.79
gx: 0.45, gz: 100.00
gx: 0.62, gz: 0.01
gx: 0.62, gz: 0.01
gx: 0.62, gz: 0.02
gx: 0.62, gz: 0.03
gx: 0.62, gz: 0.04
gx: 0.62, gz: 0.05
gx: 0.62, gz: 0.07
gx: 0.62, gz: 0.09
gx: 0.62, gz: 0.13
gx: 0.62, gz: 0.17
gx: 0.62, gz: 0.24
gx: 0.62, gz: 0.33
gx: 0.62, gz: 0.45
gx: 0.62, gz: 0.62
gx: 0.62, gz: 0.85
gx: 0.62, gz: 1.17
gx: 0.62, gz: 1.61
gx: 0.62, gz: 2.21
gx: 0.62, gz: 3.04
gx: 0.62, gz: 4.18
gx: 0.62, gz: 5.74
gx: 0.62, gz: 7.88
gx: 0.62, gz: 10.83
gx: 0.62, gz: 14.87
gx: 0.62, gz: 20.43
gx: 0.62, gz: 28.07
gx: 0.62, gz: 38.57
gx: 0.62, gz: 52.98
gx: 0.62, gz: 72.79
gx: 0.62, gz: 100.00
gx: 0.85, gz: 0.01
gx: 0.85, gz: 0.01
gx: 0.85, gz: 0.02
gx: 0.85, gz: 0.03
gx: 0.85, gz: 0.04/home/jfraxanet/anaconda3/lib/python3.7/site-packages/scipy/optimize/optimize.py:283: RuntimeWarning: Values in x were outside bounds during a minimize step, clipping to bounds
  "minimize step, clipping to bounds", RuntimeWarning)
gx: 0.01, gz: 0.01
gx: 0.01, gz: 0.03
gx: 0.01, gz: 0.08
gx: 0.01, gz: 0.22
gx: 0.01, gz: 0.60
gx: 0.01, gz: 1.67
gx: 0.01, gz: 4.64
gx: 0.01, gz: 12.92
gx: 0.01, gz: 35.94
gx: 0.01, gz: 100.00
gx: 0.03, gz: 0.01
gx: 0.03, gz: 0.03
gx: 0.03, gz: 0.08
gx: 0.03, gz: 0.22
gx: 0.03, gz: 0.60
gx: 0.03, gz: 1.67
gx: 0.03, gz: 4.64
gx: 0.03, gz: 12.92
gx: 0.03, gz: 35.94
gx: 0.03, gz: 100.00
gx: 0.08, gz: 0.01
gx: 0.08, gz: 0.03
gx: 0.08, gz: 0.08
gx: 0.08, gz: 0.22
gx: 0.08, gz: 0.60
gx: 0.08, gz: 1.67
gx: 0.08, gz: 4.64
gx: 0.08, gz: 12.92
gx: 0.08, gz: 35.94
gx: 0.08, gz: 100.00
gx: 0.22, gz: 0.01
gx: 0.22, gz: 0.03
gx: 0.22, gz: 0.08
gx: 0.22, gz: 0.22
gx: 0.22, gz: 0.60
gx: 0.22, gz: 1.67
gx: 0.22, gz: 4.64
gx: 0.22, gz: 12.92
gx: 0.22, gz: 35.94
gx: 0.22, gz: 100.00
gx: 0.60, gz: 0.01
gx: 0.60, gz: 0.03
gx: 0.60, gz: 0.08
gx: 0.60, gz: 0.22
gx: 0.60, gz: 0.60
gx: 0.60, gz: 1.67
gx: 0.60, gz: 4.64
gx: 0.60, gz: 12.92
gx: 0.60, gz: 35.94
gx: 0.60, gz: 100.00
gx: 1.67, gz: 0.01
gx: 1.67, gz: 0.03
gx: 1.67, gz: 0.08
gx: 1.67, gz: 0.22
gx: 1.67, gz: 0.60
gx: 1.67, gz: 1.67
gx: 1.67, gz: 4.64
gx: 1.67, gz: 12.92
gx: 1.67, gz: 35.94
gx: 1.67, gz: 100.00
gx: 4.64, gz: 0.01
gx: 4.64, gz: 0.03
gx: 4.64, gz: 0.08
gx: 4.64, gz: 0.22
gx: 4.64, gz: 0.60
gx: 4.64, gz: 1.67
gx: 4.64, gz: 4.64
gx: 4.64, gz: 12.92
gx: 4.64, gz: 35.94
gx: 4.64, gz: 100.00
gx: 12.92, gz: 0.01
gx: 12.92, gz: 0.03
gx: 12.92, gz: 0.08
gx: 12.92, gz: 0.22
gx: 12.92, gz: 0.60
gx: 12.92, gz: 1.67
gx: 12.92, gz: 4.64
gx: 12.92, gz: 12.92
gx: 12.92, gz: 35.94
gx: 12.92, gz: 100.00
gx: 35.94, gz: 0.01
gx: 35.94, gz: 0.03
gx: 35.94, gz: 0.08
gx: 35.94, gz: 0.22
gx: 35.94, gz: 0.60
gx: 35.94, gz: 1.67
gx: 35.94, gz: 4.64
gx: 35.94, gz: 12.92
gx: 35.94, gz: 35.94
gx: 35.94, gz: 100.00
gx: 100.00, gz: 0.01
gx: 100.00, gz: 0.03
gx: 100.00, gz: 0.08
gx: 100.00, gz: 0.22
gx: 100.00, gz: 0.60
gx: 100.00, gz: 1.67
gx: 100.00, gz: 4.64
gx: 100.00, gz: 12.92
gx: 100.00, gz: 35.94
gx: 100.00, gz: 100.00
gx: 0.01, gz: 0.01
gx: 0.01, gz: 0.03
gx: 0.01, gz: 0.08
gx: 0.01, gz: 0.22
gx: 0.01, gz: 0.60
gx: 0.01, gz: 1.67
gx: 0.01, gz: 4.64
gx: 0.01, gz: 12.92
gx: 0.01, gz: 35.94
gx: 0.01, gz: 100.00
gx: 0.03, gz: 0.01
gx: 0.03, gz: 0.03
gx: 0.03, gz: 0.08
gx: 0.03, gz: 0.22
gx: 0.03, gz: 0.60
gx: 0.03, gz: 1.67
gx: 0.03, gz: 4.64
gx: 0.03, gz: 12.92
gx: 0.03, gz: 35.94
gx: 0.03, gz: 100.00
gx: 0.08, gz: 0.01
gx: 0.08, gz: 0.03
gx: 0.08, gz: 0.08
gx: 0.08, gz: 0.22
gx: 0.08, gz: 0.60
gx: 0.08, gz: 1.67
gx: 0.08, gz: 4.64
gx: 0.08, gz: 12.92
gx: 0.08, gz: 35.94
gx: 0.08, gz: 100.00
gx: 0.22, gz: 0.01
gx: 0.22, gz: 0.03
gx: 0.22, gz: 0.08
gx: 0.22, gz: 0.22
gx: 0.22, gz: 0.60
gx: 0.22, gz: 1.67
gx: 0.22, gz: 4.64
gx: 0.22, gz: 12.92
gx: 0.22, gz: 35.94
gx: 0.22, gz: 100.00
gx: 0.60, gz: 0.01
gx: 0.60, gz: 0.03
gx: 0.60, gz: 0.08
gx: 0.60, gz: 0.22
gx: 0.60, gz: 0.60
gx: 0.60, gz: 1.67
gx: 0.60, gz: 4.64
gx: 0.60, gz: 12.92
gx: 0.60, gz: 35.94
gx: 0.60, gz: 100.00
gx: 1.67, gz: 0.01
gx: 1.67, gz: 0.03
gx: 1.67, gz: 0.08
gx: 1.67, gz: 0.22
gx: 1.67, gz: 0.60
gx: 1.67, gz: 1.67
gx: 1.67, gz: 4.64
gx: 1.67, gz: 12.92
gx: 1.67, gz: 35.94
gx: 1.67, gz: 100.00
gx: 4.64, gz: 0.01
gx: 4.64, gz: 0.03
gx: 4.64, gz: 0.08
gx: 4.64, gz: 0.22
gx: 4.64, gz: 0.60
gx: 4.64, gz: 1.67
gx: 4.64, gz: 4.64
gx: 4.64, gz: 12.92
gx: 4.64, gz: 35.94
gx: 4.64, gz: 100.00
gx: 12.92, gz: 0.01
gx: 12.92, gz: 0.03
gx: 12.92, gz: 0.08
gx: 12.92, gz: 0.22
gx: 12.92, gz: 0.60
gx: 12.92, gz: 1.67
gx: 12.92, gz: 4.64
gx: 12.92, gz: 12.92
gx: 12.92, gz: 35.94
gx: 12.92, gz: 100.00
gx: 35.94, gz: 0.01
gx: 35.94, gz: 0.03
gx: 35.94, gz: 0.08
gx: 35.94, gz: 0.22
gx: 35.94, gz: 0.60
gx: 35.94, gz: 1.67
gx: 35.94, gz: 4.64
gx: 35.94, gz: 12.92
gx: 35.94, gz: 35.94
gx: 35.94, gz: 100.00
gx: 100.00, gz: 0.01
gx: 100.00, gz: 0.03
gx: 100.00, gz: 0.08
gx: 100.00, gz: 0.22
gx: 100.00, gz: 0.60
gx: 100.00, gz: 1.67
gx: 100.00, gz: 4.64
gx: 100.00, gz: 12.92
gx: 100.00, gz: 35.94
gx: 100.00, gz: 100.00
